#
# A fatal error has been detected by the Java Runtime Environment:
#
#  SIGSEGV (0xb) at pc=0x0000000104648358, pid=1169, tid=17155
#
# JRE version: Java(TM) SE Runtime Environment (8.0_91-b14) (build 1.8.0_91-b14)
# Java VM: Java HotSpot(TM) 64-Bit Server VM (25.91-b14 mixed mode bsd-amd64 compressed oops)
# Problematic frame:
# V  [libjvm.dylib+0x448358]
#
# Failed to write core dump. Core dumps have been disabled. To enable core dumping, try "ulimit -c unlimited" before starting Java again
#
# If you would like to submit a bug report, please visit:
#   http://bugreport.java.com/bugreport/crash.jsp
#

---------------  T H R E A D  ---------------

Current thread (0x00007f8539059800):  JavaThread "JDWP Transport Listener: dt_socket" daemon [_thread_in_vm, id=17155, stack(0x000070000f157000,0x000070000f257000)]

siginfo: si_signo: 11 (SIGSEGV), si_code: 0 (unknown), si_addr: 0x0000000000000000

Registers:
RAX=0x0000000000000001, RBX=0x000070000f256a8b, RCX=0x0000000104a18340, RDX=0x000070000f256a8b
RSP=0x000070000f2569d0, RBP=0x000070000f2569e0, RSI=0x00007f8539059800, RDI=0x6472616f626c0003
R8 =0x0000000000000000, R9 =0x00007f8537c1ecd0, R10=0x0000000000000001, R11=0x0000000000000001
R12=0x00007f8539059800, R13=0x6472616f626c0003, R14=0x6472616f626c0003, R15=0x00007f8537d070e0
RIP=0x0000000104648358, EFLAGS=0x0000000000010206, ERR=0x0000000000000000
  TRAPNO=0x000000000000000d

Top of Stack: (sp=0x000070000f2569d0)
0x000070000f2569d0:   000070000f256a8b 000070000f256a8b
0x000070000f2569e0:   000070000f256a40 0000000104557316
0x000070000f2569f0:   00007f8539059800 0000000000000000
0x000070000f256a00:   0000000000000000 0000000000000000
0x000070000f256a10:   00007f8539059800 00007f8539059800
0x000070000f256a20:   000070000f256a8b 000070000f256a90
0x000070000f256a30:   6472616f626c0003 0000000000000002
0x000070000f256a40:   000070000f256a60 0000000103949780
0x000070000f256a50:   0000000000000001 000070000f256b08
0x000070000f256a60:   000070000f256ad0 000000010392e1f3
0x000070000f256a70:   000070000f256aa0 00007f8537c17470
0x000070000f256a80:   0000000300000032 0000000900256b08
0x000070000f256a90:   0000000000000000 0000000000000000
0x000070000f256aa0:   0000000000000000 000070000f256c90
0x000070000f256ab0:   0000000103950e7a 00007f8537d1b100
0x000070000f256ac0:   000070000f256b08 000000010395c598
0x000070000f256ad0:   000070000f256ae0 000000010392e2ec
0x000070000f256ae0:   000070000f256d00 0000000103937898
0x000070000f256af0:   00000b9700000013 00000000000f0200
0x000070000f256b00:   00007f8537d1b1d0 000070000f256bb3
0x000070000f256b10:   00007f85000000d1 000070000f256b20
0x000070000f256b20:   00007f850000005b 000070000f256b58
0x000070000f256b30:   0000000000000000 0000000000000000
0x000070000f256b40:   00000b970000001c 00007f850000d780
0x000070000f256b50:   000070000f256b58 857f000003000000
0x000070000f256b60:   07000000f0ecf237 0064696c61567369
0x000070000f256b70:   2949494928060000 000000000000005a
0x000070000f256b80:   ecf237857f00000a 69616d04000000e8
0x000070000f256b90:   4c5b28160000006e 6e616c2f6176616a
0x000070000f256ba0:   676e697274532f67 000000000056293b
0x000070000f256bb0:   0000000011090000 120000003b000000
0x000070000f256bc0:   4100000000000000 0000000013000000 

Instructions: (pc=0x0000000104648358)
0x0000000104648338:   40 48 48 85 c0 75 e0 30 c0 0f b6 c0 5d c3 31 c0
0x0000000104648348:   5d c3 55 48 89 e5 53 48 83 ec 08 48 85 ff 74 24
0x0000000104648358:   48 8b 1f 48 85 db 74 1c 48 83 fb 37 74 16 48 8b
0x0000000104648368:   03 48 89 df ff 50 10 84 c0 b8 00 00 00 00 48 0f 

Register to memory mapping:

RAX=0x0000000000000001 is an unknown value
RBX=0x000070000f256a8b is pointing into the stack for thread: 0x00007f8539059800
RCX=0x0000000104a18340: UseMembar+0 in /Library/Java/JavaVirtualMachines/jdk1.8.0_91.jdk/Contents/Home/jre/lib/server/libjvm.dylib at 0x0000000104200000
RDX=0x000070000f256a8b is pointing into the stack for thread: 0x00007f8539059800
RSP=0x000070000f2569d0 is pointing into the stack for thread: 0x00007f8539059800
RBP=0x000070000f2569e0 is pointing into the stack for thread: 0x00007f8539059800
RSI=0x00007f8539059800 is a thread
RDI=0x6472616f626c0003 is an unknown value
R8 =0x0000000000000000 is an unknown value
R9 =0x00007f8537c1ecd0 is an unknown value
R10=0x0000000000000001 is an unknown value
R11=0x0000000000000001 is an unknown value
R12=0x00007f8539059800 is a thread
R13=0x6472616f626c0003 is an unknown value
R14=0x6472616f626c0003 is an unknown value
R15=0x00007f8537d070e0 is an unknown value


Stack: [0x000070000f157000,0x000070000f257000],  sp=0x000070000f2569d0,  free space=1022k
Native frames: (J=compiled Java code, j=interpreted, Vv=VM code, C=native code)
V  [libjvm.dylib+0x448358]
V  [libjvm.dylib+0x357316]
C  [libjdwp.dylib+0x20780]  isMethodSynthetic+0x63
C  [libjdwp.dylib+0x51f3]  methods1+0x10b
C  [libjdwp.dylib+0x52ec]  methodsWithGeneric+0xe
C  [libjdwp.dylib+0xe898]  debugLoop_run+0x1ce
C  [libjdwp.dylib+0x1f6ba]  attachThread+0x4d
V  [libjvm.dylib+0x39867c]
V  [libjvm.dylib+0x563d17]
V  [libjvm.dylib+0x565412]
V  [libjvm.dylib+0x484f82]
C  [libsystem_pthread.dylib+0x3aab]  _pthread_body+0xb4
C  [libsystem_pthread.dylib+0x39f7]  _pthread_body+0x0
C  [libsystem_pthread.dylib+0x31fd]  thread_start+0xd
C  0x0000000000000000


---------------  P R O C E S S  ---------------

Java Threads: ( => current thread )
  0x00007f8539821800 JavaThread "Service Thread" daemon [_thread_blocked, id=20227, stack(0x000070000f769000,0x000070000f869000)]
  0x00007f8538849000 JavaThread "C1 CompilerThread2" daemon [_thread_blocked, id=19715, stack(0x000070000f666000,0x000070000f766000)]
  0x00007f8538848800 JavaThread "C2 CompilerThread1" daemon [_thread_blocked, id=19203, stack(0x000070000f563000,0x000070000f663000)]
  0x00007f8539064000 JavaThread "C2 CompilerThread0" daemon [_thread_blocked, id=18691, stack(0x000070000f460000,0x000070000f560000)]
  0x00007f853882c800 JavaThread "JDWP Command Reader" daemon [_thread_in_native, id=18179, stack(0x000070000f35d000,0x000070000f45d000)]
  0x00007f8538021800 JavaThread "JDWP Event Helper Thread" daemon [_thread_blocked, id=17667, stack(0x000070000f25a000,0x000070000f35a000)]
=>0x00007f8539059800 JavaThread "JDWP Transport Listener: dt_socket" daemon [_thread_in_vm, id=17155, stack(0x000070000f157000,0x000070000f257000)]
  0x00007f8538021000 JavaThread "Signal Dispatcher" daemon [_thread_blocked, id=16643, stack(0x000070000f054000,0x000070000f154000)]
  0x00007f8539013000 JavaThread "Finalizer" daemon [_thread_blocked, id=12291, stack(0x000070000ee4b000,0x000070000ef4b000)]
  0x00007f8538825800 JavaThread "Reference Handler" daemon [_thread_blocked, id=11779, stack(0x000070000ed48000,0x000070000ee48000)]
  0x00007f8539003800 JavaThread "main" [_thread_in_native, id=6915, stack(0x000070000e736000,0x000070000e836000)]

Other Threads:
  0x00007f853981b000 VMThread [stack: 0x000070000ec45000,0x000070000ed45000] [id=11267]
  0x00007f853981d800 WatcherThread [stack: 0x000070000f86c000,0x000070000f96c000] [id=20739]

VM state:not at safepoint (normal execution)

VM Mutex/Monitor currently owned by a thread: None

Heap:
 PSYoungGen      total 38400K, used 2662K [0x0000000795580000, 0x0000000798000000, 0x00000007c0000000)
  eden space 33280K, 8% used [0x0000000795580000,0x0000000795819a00,0x0000000797600000)
  from space 5120K, 0% used [0x0000000797b00000,0x0000000797b00000,0x0000000798000000)
  to   space 5120K, 0% used [0x0000000797600000,0x0000000797600000,0x0000000797b00000)
 ParOldGen       total 87552K, used 0K [0x0000000740000000, 0x0000000745580000, 0x0000000795580000)
  object space 87552K, 0% used [0x0000000740000000,0x0000000740000000,0x0000000745580000)
 Metaspace       used 3366K, capacity 4494K, committed 4864K, reserved 1056768K
  class space    used 379K, capacity 386K, committed 512K, reserved 1048576K

Card table byte_map: [0x0000000105554000,0x0000000105955000] byte_map_base: 0x0000000101b54000

Marking Bits: (ParMarkBitMap*) 0x0000000104ae6eb0
 Begin Bits: [0x00000001161c0000, 0x00000001181c0000)
 End Bits:   [0x00000001181c0000, 0x000000011a1c0000)

Polling page: 0x0000000102834000

CodeCache: size=245760Kb used=1151Kb max_used=1154Kb free=244608Kb
 bounds [0x00000001071c0000, 0x0000000107430000, 0x00000001161c0000]
 total_blobs=285 nmethods=53 adapters=154
 compilation: enabled

Compilation events (10 events):
Event: 0.154 Thread 0x00007f8538849000   49       3       java.util.regex.Pattern::peek (26 bytes)
Event: 0.155 Thread 0x00007f8538849000 nmethod 49 0x00000001072df3d0 code [0x00000001072df560, 0x00000001072df828]
Event: 0.155 Thread 0x00007f8538849000   50       3       java.lang.Character::isBmpCodePoint (13 bytes)
Event: 0.155 Thread 0x00007f8538849000 nmethod 50 0x00000001072df050 code [0x00000001072df1c0, 0x00000001072df350]
Event: 0.155 Thread 0x00007f8538849000   51       3       java.util.regex.Pattern::next (33 bytes)
Event: 0.155 Thread 0x00007f8538849000 nmethod 51 0x00000001072dead0 code [0x00000001072dec60, 0x00000001072def28]
Event: 0.155 Thread 0x00007f8538849000   52       1       java.util.regex.Pattern::flags (5 bytes)
Event: 0.155 Thread 0x00007f8538849000 nmethod 52 0x00000001072de810 code [0x00000001072de960, 0x00000001072dea70]
Event: 0.155 Thread 0x00007f8538849000   53       3       java.util.regex.ASCII::isAscii (13 bytes)
Event: 0.155 Thread 0x00007f8538849000 nmethod 53 0x00000001072de490 code [0x00000001072de600, 0x00000001072de790]

GC Heap History (0 events):
No events

Deoptimization events (0 events):
No events

Internal exceptions (6 events):
Event: 0.030 Thread 0x00007f8539003800 Exception <a 'java/lang/NoSuchMethodError': Method sun.misc.Unsafe.defineClass(Ljava/lang/String;[BII)Ljava/lang/Class; name or signature does not match> (0x0000000795587cc0) thrown at [/Users/java_re/workspace/8-2-build-macosx-x86_64/jdk8u91/6644/hotspot
Event: 0.030 Thread 0x00007f8539003800 Exception <a 'java/lang/NoSuchMethodError': Method sun.misc.Unsafe.prefetchRead(Ljava/lang/Object;J)V name or signature does not match> (0x0000000795587fa8) thrown at [/Users/java_re/workspace/8-2-build-macosx-x86_64/jdk8u91/6644/hotspot/src/share/vm/prim
Event: 0.142 Thread 0x00007f8539003800 Exception <a 'java/security/PrivilegedActionException'> (0x000000079561bfb8) thrown at [/Users/java_re/workspace/8-2-build-macosx-x86_64/jdk8u91/6644/hotspot/src/share/vm/prims/jvm.cpp, line 1386]
Event: 0.142 Thread 0x00007f8539003800 Exception <a 'java/security/PrivilegedActionException'> (0x000000079561c1c8) thrown at [/Users/java_re/workspace/8-2-build-macosx-x86_64/jdk8u91/6644/hotspot/src/share/vm/prims/jvm.cpp, line 1386]
Event: 0.142 Thread 0x00007f8539003800 Exception <a 'java/security/PrivilegedActionException'> (0x000000079561f650) thrown at [/Users/java_re/workspace/8-2-build-macosx-x86_64/jdk8u91/6644/hotspot/src/share/vm/prims/jvm.cpp, line 1386]
Event: 0.142 Thread 0x00007f8539003800 Exception <a 'java/security/PrivilegedActionException'> (0x000000079561f860) thrown at [/Users/java_re/workspace/8-2-build-macosx-x86_64/jdk8u91/6644/hotspot/src/share/vm/prims/jvm.cpp, line 1386]

Events (10 events):
Event: 0.153 loading class java/util/regex/Pattern$Single
Event: 0.153 loading class java/util/regex/Pattern$Single done
Event: 0.153 loading class java/util/regex/Pattern$Loop
Event: 0.154 loading class java/util/regex/Pattern$Loop done
Event: 0.154 loading class java/util/regex/Pattern$Prolog
Event: 0.154 loading class java/util/regex/Pattern$Prolog done
Event: 4.140 Executing VM operation: EnableBiasedLocking
Event: 4.140 Executing VM operation: EnableBiasedLocking done
Event: 1822.102 Executing VM operation: RedefineClasses
Event: 1822.102 Executing VM operation: RedefineClasses done


Dynamic libraries:
0x00000000208e4000 	/System/Library/Frameworks/Cocoa.framework/Versions/A/Cocoa
0x00000000208e4000 	/System/Library/Frameworks/Security.framework/Versions/A/Security
0x00000000208e4000 	/System/Library/Frameworks/ApplicationServices.framework/Versions/A/ApplicationServices
0x00000000208e4000 	/usr/lib/libz.1.dylib
0x000000010282b000 	/usr/lib/libSystem.B.dylib
0x00000000208e4000 	/usr/lib/libobjc.A.dylib
0x00000000208e4000 	/System/Library/Frameworks/CoreFoundation.framework/Versions/A/CoreFoundation
0x00000000208e4000 	/System/Library/Frameworks/Foundation.framework/Versions/C/Foundation
0x00000000208e4000 	/System/Library/Frameworks/AppKit.framework/Versions/C/AppKit
0x00000000208e4000 	/System/Library/Frameworks/CoreData.framework/Versions/A/CoreData
0x00000000208e4000 	/System/Library/PrivateFrameworks/RemoteViewServices.framework/Versions/A/RemoteViewServices
0x00000000208e4000 	/System/Library/PrivateFrameworks/UIFoundation.framework/Versions/A/UIFoundation
0x00000000208e4000 	/System/Library/PrivateFrameworks/DFRFoundation.framework/Versions/A/DFRFoundation
0x00000000208e4000 	/usr/lib/libenergytrace.dylib
0x00000000208e4000 	/System/Library/PrivateFrameworks/SkyLight.framework/Versions/A/SkyLight
0x00000000208e4000 	/System/Library/Frameworks/CoreGraphics.framework/Versions/A/CoreGraphics
0x00000000208e4000 	/usr/lib/libScreenReader.dylib
0x00000000208e4000 	/System/Library/Frameworks/Accelerate.framework/Versions/A/Accelerate
0x00000000208e4000 	/System/Library/Frameworks/IOSurface.framework/Versions/A/IOSurface
0x00000000208e4000 	/System/Library/Frameworks/AudioToolbox.framework/Versions/A/AudioToolbox
0x00000000208e4000 	/System/Library/Frameworks/AudioUnit.framework/Versions/A/AudioUnit
0x00000000208e4000 	/System/Library/PrivateFrameworks/DataDetectorsCore.framework/Versions/A/DataDetectorsCore
0x00000000208e4000 	/System/Library/PrivateFrameworks/DesktopServicesPriv.framework/Versions/A/DesktopServicesPriv
0x00000000208e4000 	/System/Library/Frameworks/Carbon.framework/Versions/A/Frameworks/HIToolbox.framework/Versions/A/HIToolbox
0x00000000208e4000 	/usr/lib/libicucore.A.dylib
0x00000000208e4000 	/System/Library/Frameworks/QuartzCore.framework/Versions/A/QuartzCore
0x00000000208e4000 	/System/Library/Frameworks/Carbon.framework/Versions/A/Frameworks/SpeechRecognition.framework/Versions/A/SpeechRecognition
0x00000000208e4000 	/usr/lib/libauto.dylib
0x00000000208e4000 	/usr/lib/libxml2.2.dylib
0x00000000208e4000 	/System/Library/PrivateFrameworks/CoreUI.framework/Versions/A/CoreUI
0x00000000208e4000 	/System/Library/Frameworks/CoreAudio.framework/Versions/A/CoreAudio
0x00000000208e4000 	/System/Library/Frameworks/DiskArbitration.framework/Versions/A/DiskArbitration
0x00000000208e4000 	/usr/lib/liblangid.dylib
0x00000000208e4000 	/System/Library/PrivateFrameworks/MultitouchSupport.framework/Versions/A/MultitouchSupport
0x0000000102837000 	/System/Library/Frameworks/IOKit.framework/Versions/A/IOKit
0x00000000208e4000 	/usr/lib/libDiagnosticMessagesClient.dylib
0x00000000208e4000 	/System/Library/Frameworks/CoreServices.framework/Versions/A/CoreServices
0x00000000208e4000 	/System/Library/PrivateFrameworks/PerformanceAnalysis.framework/Versions/A/PerformanceAnalysis
0x00000000208e4000 	/System/Library/PrivateFrameworks/GenerationalStorage.framework/Versions/A/GenerationalStorage
0x00000000208e4000 	/System/Library/Frameworks/OpenGL.framework/Versions/A/OpenGL
0x00000000208e4000 	/System/Library/Frameworks/CoreImage.framework/Versions/A/CoreImage
0x00000000208e4000 	/System/Library/Frameworks/CoreText.framework/Versions/A/CoreText
0x00000000208e4000 	/System/Library/Frameworks/ImageIO.framework/Versions/A/ImageIO
0x00000000208e4000 	/System/Library/PrivateFrameworks/Backup.framework/Versions/A/Backup
0x00000000208e4000 	/usr/lib/libarchive.2.dylib
0x0000000102913000 	/System/Library/Frameworks/CFNetwork.framework/Versions/A/CFNetwork
0x00000000208e4000 	/System/Library/Frameworks/SystemConfiguration.framework/Versions/A/SystemConfiguration
0x00000000208e4000 	/usr/lib/libCRFSuite.dylib
0x0000000102fff000 	/usr/lib/libc++.1.dylib
0x00000000208e4000 	/usr/lib/libc++abi.dylib
0x00000001030b5000 	/usr/lib/system/libcache.dylib
0x00000000208e4000 	/usr/lib/system/libcommonCrypto.dylib
0x00000001030c5000 	/usr/lib/system/libcompiler_rt.dylib
0x00000001030e1000 	/usr/lib/system/libcopyfile.dylib
0x00000000208e4000 	/usr/lib/system/libcorecrypto.dylib
0x00000001030f0000 	/usr/lib/system/libdispatch.dylib
0x000000010315c000 	/usr/lib/system/libdyld.dylib
0x000000010316d000 	/usr/lib/system/libkeymgr.dylib
0x0000000103174000 	/usr/lib/system/liblaunch.dylib
0x000000010317e000 	/usr/lib/system/libmacho.dylib
0x0000000103190000 	/usr/lib/system/libquarantine.dylib
0x000000010319d000 	/usr/lib/system/libremovefile.dylib
0x00000001031aa000 	/usr/lib/system/libsystem_asl.dylib
0x00000001031d3000 	/usr/lib/system/libsystem_blocks.dylib
0x00000001031dc000 	/usr/lib/system/libsystem_c.dylib
0x0000000103293000 	/usr/lib/system/libsystem_configuration.dylib
0x000000010329e000 	/usr/lib/system/libsystem_coreservices.dylib
0x00000001032ae000 	/usr/lib/system/libsystem_coretls.dylib
0x00000001032d5000 	/usr/lib/system/libsystem_dnssd.dylib
0x00000001032e8000 	/usr/lib/system/libsystem_info.dylib
0x0000000103328000 	/usr/lib/system/libsystem_kernel.dylib
0x0000000103362000 	/usr/lib/system/libsystem_m.dylib
0x00000001033bd000 	/usr/lib/system/libsystem_malloc.dylib
0x00000001033ef000 	/usr/lib/system/libsystem_network.dylib
0x000000010346b000 	/usr/lib/system/libsystem_networkextension.dylib
0x0000000103487000 	/usr/lib/system/libsystem_notify.dylib
0x000000010349a000 	/usr/lib/system/libsystem_platform.dylib
0x00000001034b1000 	/usr/lib/system/libsystem_pthread.dylib
0x00000001034cb000 	/usr/lib/system/libsystem_sandbox.dylib
0x00000001034db000 	/usr/lib/system/libsystem_secinit.dylib
0x00000001034e3000 	/usr/lib/system/libsystem_symptoms.dylib
0x00000001034f5000 	/usr/lib/system/libsystem_trace.dylib
0x000000010352c000 	/usr/lib/system/libunwind.dylib
0x0000000103540000 	/usr/lib/system/libxpc.dylib
0x00000000208e4000 	/usr/lib/libbsm.0.dylib
0x0000000103589000 	/usr/lib/system/libkxld.dylib
0x00000000208e4000 	/usr/lib/libcoretls.dylib
0x00000000208e4000 	/usr/lib/libcoretls_cfhelpers.dylib
0x00000000208e4000 	/usr/lib/libxar.1.dylib
0x00000001035a0000 	/usr/lib/libsqlite3.dylib
0x00000000208e4000 	/usr/lib/libpam.2.dylib
0x00000000208e4000 	/usr/lib/libOpenScriptingUtil.dylib
0x00000000208e4000 	/usr/lib/libbz2.1.0.dylib
0x00000000208e4000 	/usr/lib/liblzma.5.dylib
0x000000010370b000 	/usr/lib/libnetwork.dylib
0x00000000208e4000 	/usr/lib/libpcap.A.dylib
0x00000000208e4000 	/System/Library/Frameworks/CoreServices.framework/Versions/A/Frameworks/FSEvents.framework/Versions/A/FSEvents
0x00000000208e4000 	/System/Library/Frameworks/CoreServices.framework/Versions/A/Frameworks/CarbonCore.framework/Versions/A/CarbonCore
0x00000000208e4000 	/System/Library/Frameworks/CoreServices.framework/Versions/A/Frameworks/Metadata.framework/Versions/A/Metadata
0x00000000208e4000 	/System/Library/Frameworks/CoreServices.framework/Versions/A/Frameworks/OSServices.framework/Versions/A/OSServices
0x00000000208e4000 	/System/Library/Frameworks/CoreServices.framework/Versions/A/Frameworks/SearchKit.framework/Versions/A/SearchKit
0x00000000208e4000 	/System/Library/Frameworks/CoreServices.framework/Versions/A/Frameworks/AE.framework/Versions/A/AE
0x00000000208e4000 	/System/Library/Frameworks/CoreServices.framework/Versions/A/Frameworks/LaunchServices.framework/Versions/A/LaunchServices
0x00000000208e4000 	/System/Library/Frameworks/CoreServices.framework/Versions/A/Frameworks/DictionaryServices.framework/Versions/A/DictionaryServices
0x00000000208e4000 	/System/Library/Frameworks/CoreServices.framework/Versions/A/Frameworks/SharedFileList.framework/Versions/A/SharedFileList
0x00000000208e4000 	/System/Library/Frameworks/NetFS.framework/Versions/A/NetFS
0x00000000208e4000 	/System/Library/PrivateFrameworks/NetAuth.framework/Versions/A/NetAuth
0x00000000208e4000 	/System/Library/PrivateFrameworks/login.framework/Versions/A/Frameworks/loginsupport.framework/Versions/A/loginsupport
0x00000000208e4000 	/System/Library/PrivateFrameworks/TCC.framework/Versions/A/TCC
0x00000000208e4000 	/usr/lib/libmecabra.dylib
0x00000000208e4000 	/System/Library/Frameworks/ApplicationServices.framework/Versions/A/Frameworks/ATS.framework/Versions/A/ATS
0x00000000208e4000 	/System/Library/Frameworks/ApplicationServices.framework/Versions/A/Frameworks/ColorSync.framework/Versions/A/ColorSync
0x00000000208e4000 	/System/Library/Frameworks/ApplicationServices.framework/Versions/A/Frameworks/HIServices.framework/Versions/A/HIServices
0x00000000208e4000 	/System/Library/Frameworks/ApplicationServices.framework/Versions/A/Frameworks/LangAnalysis.framework/Versions/A/LangAnalysis
0x00000000208e4000 	/System/Library/Frameworks/ApplicationServices.framework/Versions/A/Frameworks/PrintCore.framework/Versions/A/PrintCore
0x00000000208e4000 	/System/Library/Frameworks/ApplicationServices.framework/Versions/A/Frameworks/QD.framework/Versions/A/QD
0x00000000208e4000 	/System/Library/Frameworks/ApplicationServices.framework/Versions/A/Frameworks/SpeechSynthesis.framework/Versions/A/SpeechSynthesis
0x00000000208e4000 	/System/Library/Frameworks/Accelerate.framework/Versions/A/Frameworks/vImage.framework/Versions/A/vImage
0x00000000208e4000 	/System/Library/Frameworks/Accelerate.framework/Versions/A/Frameworks/vecLib.framework/Versions/A/vecLib
0x00000000208e4000 	/System/Library/Frameworks/Accelerate.framework/Versions/A/Frameworks/vecLib.framework/Versions/A/libvDSP.dylib
0x00000000208e4000 	/System/Library/Frameworks/Accelerate.framework/Versions/A/Frameworks/vecLib.framework/Versions/A/libBNNS.dylib
0x00000000208e4000 	/System/Library/Frameworks/Accelerate.framework/Versions/A/Frameworks/vecLib.framework/Versions/A/libQuadrature.dylib
0x00000000208e4000 	/System/Library/Frameworks/Accelerate.framework/Versions/A/Frameworks/vecLib.framework/Versions/A/libvMisc.dylib
0x00000000208e4000 	/System/Library/Frameworks/Accelerate.framework/Versions/A/Frameworks/vecLib.framework/Versions/A/libLAPACK.dylib
0x00000000208e4000 	/System/Library/Frameworks/Accelerate.framework/Versions/A/Frameworks/vecLib.framework/Versions/A/libBLAS.dylib
0x00000000208e4000 	/System/Library/Frameworks/Accelerate.framework/Versions/A/Frameworks/vecLib.framework/Versions/A/libLinearAlgebra.dylib
0x00000000208e4000 	/System/Library/Frameworks/Accelerate.framework/Versions/A/Frameworks/vecLib.framework/Versions/A/libSparseBLAS.dylib
0x00000000208e4000 	/System/Library/Frameworks/ApplicationServices.framework/Versions/A/Frameworks/ATS.framework/Versions/A/Resources/libFontParser.dylib
0x00000000208e4000 	/System/Library/Frameworks/ApplicationServices.framework/Versions/A/Frameworks/ATS.framework/Versions/A/Resources/libFontRegistry.dylib
0x00000000208e4000 	/System/Library/Frameworks/ImageIO.framework/Versions/A/Resources/libJPEG.dylib
0x00000000208e4000 	/System/Library/Frameworks/ImageIO.framework/Versions/A/Resources/libTIFF.dylib
0x00000000208e4000 	/System/Library/Frameworks/ImageIO.framework/Versions/A/Resources/libPng.dylib
0x00000000208e4000 	/System/Library/Frameworks/ImageIO.framework/Versions/A/Resources/libGIF.dylib
0x00000000208e4000 	/System/Library/Frameworks/ImageIO.framework/Versions/A/Resources/libJP2.dylib
0x00000000208e4000 	/System/Library/Frameworks/ImageIO.framework/Versions/A/Resources/libRadiance.dylib
0x00000000208e4000 	/usr/lib/libcompression.dylib
0x00000000208e4000 	/System/Library/PrivateFrameworks/AppleJPEG.framework/Versions/A/AppleJPEG
0x00000000208e4000 	/usr/lib/libcups.2.dylib
0x00000000208e4000 	/System/Library/Frameworks/Kerberos.framework/Versions/A/Kerberos
0x00000000208e4000 	/System/Library/Frameworks/GSS.framework/Versions/A/GSS
0x00000000208e4000 	/usr/lib/libresolv.9.dylib
0x00000000208e4000 	/usr/lib/libiconv.2.dylib
0x00000000208e4000 	/System/Library/PrivateFrameworks/Heimdal.framework/Versions/A/Heimdal
0x00000000208e4000 	/usr/lib/libheimdal-asn1.dylib
0x00000000208e4000 	/System/Library/Frameworks/OpenDirectory.framework/Versions/A/OpenDirectory
0x00000000208e4000 	/System/Library/PrivateFrameworks/CommonAuth.framework/Versions/A/CommonAuth
0x00000000208e4000 	/System/Library/Frameworks/OpenDirectory.framework/Versions/A/Frameworks/CFOpenDirectory.framework/Versions/A/CFOpenDirectory
0x00000000208e4000 	/System/Library/Frameworks/SecurityFoundation.framework/Versions/A/SecurityFoundation
0x00000000208e4000 	/System/Library/PrivateFrameworks/LanguageModeling.framework/Versions/A/LanguageModeling
0x00000000208e4000 	/usr/lib/libmarisa.dylib
0x00000000208e4000 	/usr/lib/libChineseTokenizer.dylib
0x00000000208e4000 	/usr/lib/libcmph.dylib
0x00000000208e4000 	/System/Library/PrivateFrameworks/CoreEmoji.framework/Versions/A/CoreEmoji
0x00000001037c6000 	/System/Library/Frameworks/ServiceManagement.framework/Versions/A/ServiceManagement
0x00000000208e4000 	/usr/lib/libxslt.1.dylib
0x00000000208e4000 	/System/Library/Frameworks/Carbon.framework/Versions/A/Frameworks/Ink.framework/Versions/A/Ink
0x00000000208e4000 	/System/Library/PrivateFrameworks/TextureIO.framework/Versions/A/TextureIO
0x00000000208e4000 	/System/Library/Frameworks/Metal.framework/Versions/A/Metal
0x00000000208e4000 	/usr/lib/libate.dylib
0x00000000208e4000 	/System/Library/PrivateFrameworks/GPUCompiler.framework/libmetal_timestamp.dylib
0x00000000208e4000 	/System/Library/Frameworks/OpenGL.framework/Versions/A/Libraries/libCoreFSCache.dylib
0x00000000208e4000 	/System/Library/PrivateFrameworks/IOAccelerator.framework/Versions/A/IOAccelerator
0x00000000208e4000 	/System/Library/Frameworks/CoreVideo.framework/Versions/A/CoreVideo
0x00000000208e4000 	/usr/lib/libFosl_dynamic.dylib
0x00000000208e4000 	/System/Library/PrivateFrameworks/MetalPerformanceShaders.framework/Versions/A/MetalPerformanceShaders
0x00000000208e4000 	/System/Library/PrivateFrameworks/FaceCore.framework/Versions/A/FaceCore
0x00000000208e4000 	/System/Library/Frameworks/OpenCL.framework/Versions/A/OpenCL
0x00000000208e4000 	/System/Library/Frameworks/OpenGL.framework/Versions/A/Libraries/libGLU.dylib
0x00000000208e4000 	/System/Library/Frameworks/OpenGL.framework/Versions/A/Libraries/libGFXShared.dylib
0x00000000208e4000 	/System/Library/Frameworks/OpenGL.framework/Versions/A/Libraries/libGL.dylib
0x00000000208e4000 	/System/Library/Frameworks/OpenGL.framework/Versions/A/Libraries/libGLImage.dylib
0x00000000208e4000 	/System/Library/Frameworks/OpenGL.framework/Versions/A/Libraries/libCVMSPluginSupport.dylib
0x00000000208e4000 	/System/Library/Frameworks/OpenGL.framework/Versions/A/Libraries/libCoreVMClient.dylib
0x00000000208e4000 	/System/Library/PrivateFrameworks/CrashReporterSupport.framework/Versions/A/CrashReporterSupport
0x00000000208e4000 	/System/Library/PrivateFrameworks/Sharing.framework/Versions/A/Sharing
0x00000000208e4000 	/System/Library/PrivateFrameworks/IconServices.framework/Versions/A/IconServices
0x00000000208e4000 	/System/Library/PrivateFrameworks/ProtocolBuffer.framework/Versions/A/ProtocolBuffer
0x00000000208e4000 	/System/Library/PrivateFrameworks/Apple80211.framework/Versions/A/Apple80211
0x00000000208e4000 	/System/Library/Frameworks/CoreWLAN.framework/Versions/A/CoreWLAN
0x00000000208e4000 	/System/Library/PrivateFrameworks/CoreUtils.framework/Versions/A/CoreUtils
0x00000000208e4000 	/System/Library/Frameworks/IOBluetooth.framework/Versions/A/IOBluetooth
0x00000000208e4000 	/System/Library/PrivateFrameworks/CoreWiFi.framework/Versions/A/CoreWiFi
0x00000000208e4000 	/System/Library/Frameworks/CoreBluetooth.framework/Versions/A/CoreBluetooth
0x00000000208e4000 	/System/Library/Frameworks/CoreDisplay.framework/Versions/A/CoreDisplay
0x00000000208e4000 	/System/Library/PrivateFrameworks/IOPresentment.framework/Versions/A/IOPresentment
0x00000000208e4000 	/System/Library/PrivateFrameworks/DebugSymbols.framework/Versions/A/DebugSymbols
0x00000000208e4000 	/System/Library/PrivateFrameworks/CoreSymbolication.framework/Versions/A/CoreSymbolication
0x00000000208e4000 	/System/Library/PrivateFrameworks/Symbolication.framework/Versions/A/Symbolication
0x00000000208e4000 	/System/Library/PrivateFrameworks/AppleFSCompression.framework/Versions/A/AppleFSCompression
0x00000000208e4000 	/System/Library/PrivateFrameworks/SpeechRecognitionCore.framework/Versions/A/SpeechRecognitionCore
0x00000000208e4000 	/System/Library/PrivateFrameworks/ChunkingLibrary.framework/Versions/A/ChunkingLibrary
0x0000000104200000 	/Library/Java/JavaVirtualMachines/jdk1.8.0_91.jdk/Contents/Home/jre/lib/server/libjvm.dylib
0x000000010382d000 	/usr/lib/libstdc++.6.dylib
0x00000001038e6000 	/Library/Java/JavaVirtualMachines/jdk1.8.0_91.jdk/Contents/Home/jre/lib/libverify.dylib
0x00000001038f4000 	/Library/Java/JavaVirtualMachines/jdk1.8.0_91.jdk/Contents/Home/jre/lib/libjava.dylib
0x0000000103929000 	/Library/Java/JavaVirtualMachines/jdk1.8.0_91.jdk/Contents/Home/jre/lib/libjdwp.dylib
0x00000001030bf000 	/Library/Java/JavaVirtualMachines/jdk1.8.0_91.jdk/Contents/Home/jre/lib/libnpt.dylib
0x000000010397c000 	/Library/Java/JavaVirtualMachines/jdk1.8.0_91.jdk/Contents/Home/jre/lib/libzip.dylib
0x000000011ab20000 	/System/Library/Frameworks/JavaVM.framework/Frameworks/JavaRuntimeSupport.framework/JavaRuntimeSupport
0x000000011ab3a000 	/System/Library/Frameworks/JavaVM.framework/Versions/A/Frameworks/JavaNativeFoundation.framework/Versions/A/JavaNativeFoundation
0x0000000107126000 	/System/Library/Frameworks/JavaVM.framework/Versions/A/JavaVM
0x00000000208e4000 	/System/Library/Frameworks/Carbon.framework/Versions/A/Carbon
0x000000011ab4f000 	/System/Library/PrivateFrameworks/JavaLaunching.framework/Versions/A/JavaLaunching
0x00000000208e4000 	/System/Library/Frameworks/Carbon.framework/Versions/A/Frameworks/CommonPanels.framework/Versions/A/CommonPanels
0x00000000208e4000 	/System/Library/Frameworks/Carbon.framework/Versions/A/Frameworks/Help.framework/Versions/A/Help
0x00000000208e4000 	/System/Library/Frameworks/Carbon.framework/Versions/A/Frameworks/ImageCapture.framework/Versions/A/ImageCapture
0x00000000208e4000 	/System/Library/Frameworks/Carbon.framework/Versions/A/Frameworks/OpenScripting.framework/Versions/A/OpenScripting
0x00000000208e4000 	/System/Library/Frameworks/Carbon.framework/Versions/A/Frameworks/Print.framework/Versions/A/Print
0x00000000208e4000 	/System/Library/Frameworks/Carbon.framework/Versions/A/Frameworks/SecurityHI.framework/Versions/A/SecurityHI
0x00000001032a7000 	/Library/Java/JavaVirtualMachines/jdk1.8.0_91.jdk/Contents/Home/jre/lib/libdt_socket.dylib

VM Arguments:
jvm_args: -agentlib:jdwp=transport=dt_socket,suspend=y,address=localhost:50093 -Dfile.encoding=UTF-8 
java_command: hackerhank.com.billboards.Solution
java_class_path (initial): /Users/willian/Documents/algorithms/target/classes:/Users/willian/Downloads/Eclipse.app/Contents/Eclipse/plugins/org.junit_4.12.0.v201504281640/junit.jar:/Users/willian/Downloads/Eclipse.app/Contents/Eclipse/plugins/org.hamcrest.core_1.3.0.v201303031735.jar
Launcher Type: SUN_STANDARD

Environment Variables:
PATH=/usr/bin:/bin:/usr/sbin:/sbin
SHELL=/bin/bash

Signal Handlers:
SIGSEGV: [libjvm.dylib+0x5a97a1], sa_mask[0]=11111111011111110111111111111111, sa_flags=SA_ONSTACK|SA_RESTART|SA_SIGINFO
SIGBUS: [libjvm.dylib+0x5a97a1], sa_mask[0]=11111111011111110111111111111111, sa_flags=SA_RESTART|SA_SIGINFO
SIGFPE: [libjvm.dylib+0x482594], sa_mask[0]=11111111011111110111111111111111, sa_flags=SA_RESTART|SA_SIGINFO
SIGPIPE: [libjvm.dylib+0x482594], sa_mask[0]=11111111011111110111111111111111, sa_flags=SA_RESTART|SA_SIGINFO
SIGXFSZ: [libjvm.dylib+0x482594], sa_mask[0]=11111111011111110111111111111111, sa_flags=SA_RESTART|SA_SIGINFO
SIGILL: [libjvm.dylib+0x482594], sa_mask[0]=11111111011111110111111111111111, sa_flags=SA_RESTART|SA_SIGINFO
SIGUSR1: SIG_DFL, sa_mask[0]=00000000000000000000000000000000, sa_flags=none
SIGUSR2: [libjvm.dylib+0x4820b2], sa_mask[0]=00100000000000000000000000000000, sa_flags=SA_RESTART|SA_SIGINFO
SIGHUP: [libjvm.dylib+0x480689], sa_mask[0]=11111111011111110111111111111111, sa_flags=SA_RESTART|SA_SIGINFO
SIGINT: [libjvm.dylib+0x480689], sa_mask[0]=11111111011111110111111111111111, sa_flags=SA_RESTART|SA_SIGINFO
SIGTERM: [libjvm.dylib+0x480689], sa_mask[0]=11111111011111110111111111111111, sa_flags=SA_RESTART|SA_SIGINFO
SIGQUIT: [libjvm.dylib+0x480689], sa_mask[0]=11111111011111110111111111111111, sa_flags=SA_RESTART|SA_SIGINFO


---------------  S Y S T E M  ---------------

OS:Bsduname:Darwin 16.3.0 Darwin Kernel Version 16.3.0: Thu Nov 17 20:23:58 PST 2016; root:xnu-3789.31.2~1/RELEASE_X86_64 x86_64
rlimit: STACK 8192k, CORE 0k, NPROC 709, NOFILE 10240, AS infinity
load average:1.56 1.52 1.45

CPU:total 4 (2 cores per cpu, 2 threads per core) family 6 model 61 stepping 4, cmov, cx8, fxsr, mmx, sse, sse2, sse3, ssse3, sse4.1, sse4.2, popcnt, avx, avx2, aes, clmul, erms, 3dnowpref, lzcnt, ht, tsc, tscinvbit, bmi1, bmi2, adx

Memory: 4k page, physical 8388608k(662356k free)

/proc/meminfo:


vm_info: Java HotSpot(TM) 64-Bit Server VM (25.91-b14) for bsd-amd64 JRE (1.8.0_91-b14), built on Apr  1 2016 01:03:00 by "java_re" with gcc 4.2.1 (Based on Apple Inc. build 5658) (LLVM build 2336.11.00)

time: Tue Jan 10 22:59:49 2017
elapsed time: 1822 seconds (0d 0h 30m 22s)

